[00:00:41] [Server thread/INFO] [net.minecraft.server.dedicated.DedicatedServer]: DuvanD is bleeding...
[00:00:41] [Server thread/INFO] [tombstone]: The death event of the player DuvanD was cancelled by another mod
[00:00:41] [Server thread/INFO] [tombstone]: DuvanD has successfully been saved
[00:00:44] [Async Chat Thread - 9/INFO] []: [] DuvanD: ALA
[00:00:46] [Async Chat Thread - 9/INFO] []: [] lJuqncl: uy
[00:00:46] [Server thread/INFO] [net.minecraft.server.dedicated.DedicatedServer]: Set score of muertes for player DuvanD to 16
[00:00:46] [Server thread/INFO] [net.minecraft.server.dedicated.DedicatedServer]: Title command successfully executed
[00:00:46] [Server thread/INFO] [net.minecraft.server.dedicated.DedicatedServer]: Title command successfully executed
[00:00:46] [Server thread/INFO] [net.minecraft.server.dedicated.DedicatedServer]: Title command successfully executed
[00:00:46] [Server thread/INFO] [net.minecraft.server.dedicated.DedicatedServer]: Title command successfully executed
[00:00:46] [Server thread/INFO] [net.minecraft.server.dedicated.DedicatedServer]: Title command successfully executed
[00:00:46] [Server thread/INFO] [net.minecraft.server.dedicated.DedicatedServer]: Title command successfully executed
[00:00:46] [Server thread/INFO] [net.minecraft.server.dedicated.DedicatedServer]: DuvanD was slain by Zombie
[00:00:46] [Server thread/INFO] [tombstone]: The last known grave of DuvanD is at location [name:Last Grave, x:660, y:16, z:-1866] in the dimension 0
[00:00:49] [Async Chat Thread - 9/INFO] []: [] lJuqncl: que paso
[00:00:57] [Async Chat Thread - 9/INFO] []: [] DuvanD: aparecieron 2 zombies invisible
[00:01:03] [Async Chat Thread - 9/INFO] []: [] DuvanD: chetadisimos
[00:01:06] [Async Chat Thread - 9/INFO] []: [] lJuqncl: que asco
[00:02:07] [Async Chat Thread - 10/INFO] []: [] lJuqncl: no se estaba haciendo de noche??
[00:03:30] [Server thread/DEBUG] [FML]: Gathering id map for writing to world save world
[00:03:45] [Async Chat Thread - 11/INFO] []: [] lJuqncl: oe no duerma
[00:03:49] [Async Chat Thread - 11/INFO] []: [] lJuqncl: necesito noche
[00:06:44] [Server thread/INFO] [net.minecraft.server.dedicated.DedicatedServer]: DuvanD is bleeding...
[00:06:44] [Server thread/INFO] [tombstone]: The death event of the player DuvanD was cancelled by another mod
[00:06:44] [Server thread/INFO] [tombstone]: DuvanD has successfully been saved
[00:06:46] [Async Chat Thread - 12/INFO] []: [] DuvanD: qiu8e
[00:06:50] [Server thread/INFO] [net.minecraft.server.dedicated.DedicatedServer]: Set score of muertes for player DuvanD to 17
[00:06:50] [Server thread/INFO] [net.minecraft.server.dedicated.DedicatedServer]: Title command successfully executed
[00:06:50] [Server thread/INFO] [net.minecraft.server.dedicated.DedicatedServer]: Title command successfully executed
[00:06:50] [Server thread/INFO] [net.minecraft.server.dedicated.DedicatedServer]: Title command successfully executed
[00:06:50] [Server thread/INFO] [net.minecraft.server.dedicated.DedicatedServer]: Title command successfully executed
[00:06:50] [Server thread/INFO] [net.minecraft.server.dedicated.DedicatedServer]: Title command successfully executed
[00:06:50] [Server thread/INFO] [net.minecraft.server.dedicated.DedicatedServer]: Title command successfully executed
[00:06:50] [Server thread/INFO] [net.minecraft.server.dedicated.DedicatedServer]: DuvanD was slain by Cave Spider
[00:06:50] [Server thread/INFO] [tombstone]: The last known grave of DuvanD is at location [name:Last Grave, x:656, y:27, z:-1877] in the dimension 0
